<?xml version="1.0" encoding="UTF-8"?>
<!-- Generated by org.testng.reporters.JUnitXMLReporter -->
<testsuite ignored="9" hostname="VD3MSTSICP1292" failures="0" tests="1" name="Gradle test" time="67.413" errors="0" timestamp="15 Feb 2023 12:16:43 GMT">
  <testcase classname="com.tests.EnhancementRequest_20158" name="enhancementRequest" time="58.372"/>
  <testcase classname="com.tests.CreateAccountAndLogin_20160" name="create_Account_And_Login" time="0.0">
    <ignored/>
  </testcase> <!-- create_Account_And_Login -->
  <testcase classname="com.api.RestApiRequest_3000" name="restapirequest" time="0.0">
    <ignored/>
  </testcase> <!-- restapirequest -->
  <testcase classname="com.tests.restassured" name="test" time="0.0">
    <ignored/>
  </testcase> <!-- test -->
  <testcase classname="com.tests.EnhancementRequest_20159" name="enhancementRequest" time="0.0">
    <ignored/>
  </testcase> <!-- enhancementRequest -->
  <testcase classname="com.gcp.GoogleTrendsData_1000" name="googleTrendsData" time="0.0">
    <ignored/>
  </testcase> <!-- googleTrendsData -->
  <testcase classname="com.macys.utils.TestManager" name="@AfterSuite ClearExtentTest" time="0.0">
    <ignored/>
  </testcase> <!-- @AfterSuite ClearExtentTest -->
  <testcase classname="com.macys.utils.TestManager" name="@AfterSuite ClearExtentTest" time="0.0">
    <ignored/>
  </testcase> <!-- @AfterSuite ClearExtentTest -->
  <testcase classname="com.macys.utils.TestManager" name="@AfterSuite ClearExtentTest" time="0.0">
    <ignored/>
  </testcase> <!-- @AfterSuite ClearExtentTest -->
  <testcase classname="com.macys.utils.TestManager" name="@AfterSuite ClearExtentTest" time="0.0">
    <ignored/>
  </testcase> <!-- @AfterSuite ClearExtentTest -->
</testsuite> <!-- Gradle test -->
